nohup: ignoring input
2021-10-30 12:17:19.385928: I tensorflow/core/platform/cpu_feature_guard.cc:142] Your CPU supports instructions that this TensorFlow binary was not compiled to use: SSE4.1 SSE4.2 AVX AVX2 FMA
2021-10-30 12:17:19.406488: I tensorflow/core/platform/profile_utils/cpu_utils.cc:94] CPU Frequency: 3498000000 Hz
2021-10-30 12:17:19.407501: I tensorflow/compiler/xla/service/service.cc:168] XLA service 0x55d7fa912f50 initialized for platform Host (this does not guarantee that XLA will be used). Devices:
2021-10-30 12:17:19.407518: I tensorflow/compiler/xla/service/service.cc:176]   StreamExecutor device (0): Host, Default Version
[name: "/device:CPU:0"
device_type: "CPU"
memory_limit: 268435456
locality {
}
incarnation: 17208086991033090799
, name: "/device:XLA_CPU:0"
device_type: "XLA_CPU"
memory_limit: 17179869184
locality {
}
incarnation: 8399298248198595068
physical_device_desc: "device: XLA_CPU device"
]
NAM_G1 input size:  (5460, 32, 32, 108, 1)
NAM_G2 input size:  (5460, 32, 32, 96, 1)
NAM_G3 input size:  (5460, 32, 32, 108, 1)
NAM_G4 input size:  (5460, 32, 32, 60, 1)
MIXED input size:  (5460, 32, 32, 12, 1)
MUR input size:  (5460, 384, 384, 1, 1)
NAM_G1 input size:  (3328, 32, 32, 108, 1)
NAM_G2 input size:  (3328, 32, 32, 96, 1)
NAM_G3 input size:  (3328, 32, 32, 108, 1)
NAM_G4 input size:  (3328, 32, 32, 60, 1)
MIXED input size:  (3328, 32, 32, 12, 1)
MUR input size:  (3328, 384, 384, 1, 1)
NAM_G1 input size:  (2228, 32, 32, 108, 1)
NAM_G2 input size:  (2228, 32, 32, 96, 1)
NAM_G3 input size:  (2228, 32, 32, 108, 1)
NAM_G4 input size:  (2228, 32, 32, 60, 1)
MIXED input size:  (2228, 32, 32, 12, 1)
MUR input size:  (2228, 384, 384, 1, 1)
training target shape: (5460,)
training categorical target shape: (5460, 2)
validation target shape: (3328,)
validation categorical target shape: (3328, 2)
testing target shape: (2228,)
testing categorical target shape: (2228, 2)
WARNING:tensorflow:From /home/hkamangir/anaconda3/lib/python3.7/site-packages/tensorflow_core/python/ops/resource_variable_ops.py:1635: calling BaseResourceVariable.__init__ (from tensorflow.python.ops.resource_variable_ops) with constraint is deprecated and will be removed in a future version.
Instructions for updating:
If using Keras pass *_constraint arguments to layers.
2021-10-30 12:24:06.955911: I tensorflow/core/common_runtime/process_util.cc:147] Creating new thread pool with default inter op setting: 2. Tune using inter_op_parallelism_threads for best performance.
I am Here!
